2026-02-18 07:42:30
From github.com:nguyenhuyneu1999-pixel/shippershop
 * branch            main       -> FETCH_HEAD
Already up to date.


2026-02-18 07:56:33
From github.com:nguyenhuyneu1999-pixel/shippershop
 * branch            main       -> FETCH_HEAD
Already up to date.


2026-02-18 09:00:29
From github.com:nguyenhuyneu1999-pixel/shippershop
 * branch            main       -> FETCH_HEAD
Already up to date.


2026-02-18 09:44:31
From github.com:nguyenhuyneu1999-pixel/shippershop
 * branch            main       -> FETCH_HEAD
Already up to date.


2026-02-18 09:59:18
From github.com:nguyenhuyneu1999-pixel/shippershop
 * branch            main       -> FETCH_HEAD
Already up to date.


2026-02-19 02:46:57
From github.com:nguyenhuyneu1999-pixel/shippershop
 * branch            main       -> FETCH_HEAD
Already up to date.


2026-02-19 02:53:27
From github.com:nguyenhuyneu1999-pixel/shippershop
 * branch            main       -> FETCH_HEAD
Already up to date.


2026-02-19 02:57:33
From github.com:nguyenhuyneu1999-pixel/shippershop
 * branch            main       -> FETCH_HEAD
Already up to date.


2026-02-19 02:59:11
From github.com:nguyenhuyneu1999-pixel/shippershop
 * branch            main       -> FETCH_HEAD
Already up to date.


2026-02-19 08:22:00
From github.com:nguyenhuyneu1999-pixel/shippershop
 * branch            main       -> FETCH_HEAD
Already up to date.


2026-02-19 08:29:17
From github.com:nguyenhuyneu1999-pixel/shippershop
 * branch            main       -> FETCH_HEAD
Already up to date.


2026-02-19 20:34:37
From github.com:nguyenhuyneu1999-pixel/shippershop
 * branch            main       -> FETCH_HEAD
Already up to date.


2026-02-19 20:37:47
From github.com:nguyenhuyneu1999-pixel/shippershop
 * branch            main       -> FETCH_HEAD
Already up to date.


2026-02-23 21:52:42
From github.com:nguyenhuyneu1999-pixel/shippershop
 * branch            main       -> FETCH_HEAD
   26c4fb9..ce92e1e  main       -> origin/main
Updating 26c4fb9..ce92e1e
Fast-forward
 api/social.php | 12 +++++++++++-
 1 file changed, 11 insertions(+), 1 deletion(-)


2026-02-23 21:57:19
From github.com:nguyenhuyneu1999-pixel/shippershop
 * branch            main       -> FETCH_HEAD
   ce92e1e..81660db  main       -> origin/main
error: Your local changes to the following files would be overwritten by merge:
	community.html
Please commit your changes or stash them before you merge.
Aborting
Updating ce92e1e..81660db


# Test auto deploy Tue Mar 17 19:27:33 UTC 2026
<!-- Auto Deploy Test: Tue Mar 17 19:29:32 UTC 2026 -->
<!-- deploy trigger -->
